2025-09-17 23:04:32 [scrapy.utils.log] INFO: Scrapy 2.13.3 started (bot: retail_intelligence)
2025-09-17 23:04:33 [scrapy.utils.log] INFO: Versions:
{'lxml': '6.0.1',
 'libxml2': '2.11.9',
 'cssselect': '1.3.0',
 'parsel': '1.10.0',
 'w3lib': '2.3.1',
 'Twisted': '25.5.0',
 'Python': '3.13.1 (tags/v3.13.1:0671451, Dec  3 2024, 19:06:28) [MSC v.1942 '
           '64 bit (AMD64)]',
 'pyOpenSSL': '25.2.0 (OpenSSL 3.5.2 5 Aug 2025)',
 'cryptography': '45.0.7',
 'Platform': 'Windows-10-10.0.19045-SP0'}
2025-09-17 23:04:33 [scrapy.addons] INFO: Enabled addons:
[]
2025-09-17 23:04:33 [scrapy.extensions.telnet] INFO: Telnet Password: 8ec9cf43f4bf608f
2025-09-17 23:04:33 [scrapy.middleware] INFO: Enabled extensions:
['scrapy.extensions.corestats.CoreStats',
 'scrapy.extensions.telnet.TelnetConsole',
 'scrapy.extensions.logstats.LogStats',
 'scrapy.extensions.throttle.AutoThrottle']
2025-09-17 23:04:33 [scrapy.crawler] INFO: Overridden settings:
{'AUTOTHROTTLE_ENABLED': True,
 'AUTOTHROTTLE_MAX_DELAY': 10,
 'AUTOTHROTTLE_START_DELAY': 3,
 'BOT_NAME': 'retail_intelligence',
 'CONCURRENT_REQUESTS': 4,
 'CONCURRENT_REQUESTS_PER_DOMAIN': 1,
 'DOWNLOAD_DELAY': 3,
 'FEED_EXPORT_ENCODING': 'utf-8',
 'LOG_FILE': 'logs/scrapy.log',
 'LOG_LEVEL': 'INFO',
 'NEWSPIDER_MODULE': 'retail_intelligence.spiders',
 'RETRY_TIMES': 5,
 'SPIDER_MODULES': ['retail_intelligence.spiders']}
2025-09-17 23:04:34 [scrapy-playwright] INFO: Started loop on separate thread: <ProactorEventLoop running=True closed=False debug=False>
2025-09-17 23:04:36 [scrapy_user_agents.user_agent_picker] WARNING: [UnsupportedBrowserType] Family: Android
2025-09-17 23:04:37 [scrapy_user_agents.user_agent_picker] WARNING: [UnsupportedDeviceType] Family: Other, Brand: None, Model: None
2025-09-17 23:04:37 [scrapy_user_agents.user_agent_picker] WARNING: [UnsupportedDeviceType] Family: Other, Brand: None, Model: None
2025-09-17 23:04:37 [scrapy_user_agents.user_agent_picker] WARNING: [UnsupportedDeviceType] Family: Other, Brand: None, Model: None
2025-09-17 23:04:38 [scrapy_user_agents.user_agent_picker] WARNING: [UnsupportedDeviceType] Family: Sony BDV13, Brand: Sony, Model: BDV13
2025-09-17 23:04:38 [scrapy_user_agents.user_agent_picker] WARNING: [UnsupportedDeviceType] Family: Nintendo DSi, Brand: Nintendo, Model: DSi
2025-09-17 23:04:38 [scrapy_user_agents.user_agent_picker] WARNING: [UnsupportedDeviceType] Family: Other, Brand: None, Model: None
2025-09-17 23:04:39 [scrapy_user_agents.user_agent_picker] WARNING: [UnsupportedBrowserType] Family: Other
2025-09-17 23:04:39 [scrapy_user_agents.user_agent_picker] WARNING: [UnsupportedDeviceType] Family: LYF F90M, Brand: LYF, Model: F90M
2025-09-17 23:04:39 [scrapy_user_agents.user_agent_picker] WARNING: [UnsupportedDeviceType] Family: Sony BDV14, Brand: Sony, Model: BDV14
2025-09-17 23:04:40 [scrapy_user_agents.user_agent_picker] WARNING: [UnsupportedDeviceType] Family: LG Web0S SmartTV, Brand: LG, Model: Web0S SmartTV
2025-09-17 23:04:40 [scrapy_user_agents.user_agent_picker] WARNING: [UnsupportedDeviceType] Family: Other, Brand: None, Model: None
2025-09-17 23:04:41 [scrapy_user_agents.user_agent_picker] WARNING: [UnsupportedDeviceType] Family: Other, Brand: None, Model: None
2025-09-17 23:04:41 [scrapy_user_agents.user_agent_picker] WARNING: [UnsupportedDeviceType] Family: Other, Brand: None, Model: None
2025-09-17 23:04:41 [scrapy_user_agents.user_agent_picker] WARNING: [UnsupportedDeviceType] Family: Other, Brand: None, Model: None
2025-09-17 23:04:42 [scrapy_user_agents.user_agent_picker] WARNING: [UnsupportedDeviceType] Family: Other, Brand: None, Model: None
2025-09-17 23:04:42 [scrapy_user_agents.user_agent_picker] WARNING: [UnsupportedDeviceType] Family: Other, Brand: None, Model: None
2025-09-17 23:04:42 [scrapy_user_agents.user_agent_picker] WARNING: [UnsupportedDeviceType] Family: Other, Brand: None, Model: None
2025-09-17 23:04:42 [scrapy_user_agents.user_agent_picker] WARNING: [UnsupportedDeviceType] Family: Sony BDV11, Brand: Sony, Model: BDV11
2025-09-17 23:04:42 [scrapy_user_agents.user_agent_picker] WARNING: [UnsupportedDeviceType] Family: Other, Brand: None, Model: None
2025-09-17 23:04:42 [scrapy_user_agents.user_agent_picker] WARNING: [UnsupportedDeviceType] Family: Other, Brand: None, Model: None
2025-09-17 23:04:42 [scrapy_user_agents.user_agent_picker] WARNING: [UnsupportedDeviceType] Family: Other, Brand: None, Model: None
2025-09-17 23:04:43 [scrapy_user_agents.user_agent_picker] WARNING: [UnsupportedDeviceType] Family: Other, Brand: None, Model: None
2025-09-17 23:04:43 [scrapy_user_agents.user_agent_picker] WARNING: [UnsupportedDeviceType] Family: Nintendo DSi, Brand: Nintendo, Model: DSi
2025-09-17 23:04:43 [scrapy_user_agents.user_agent_picker] WARNING: [UnsupportedDeviceType] Family: LYF LF-2403N, Brand: LYF, Model: LF-2403N
2025-09-17 23:04:44 [scrapy_user_agents.user_agent_picker] WARNING: [UnsupportedDeviceType] Family: LYF F90M, Brand: LYF, Model: F90M
2025-09-17 23:04:45 [scrapy_user_agents.user_agent_picker] WARNING: [UnsupportedDeviceType] Family: Other, Brand: None, Model: None
2025-09-17 23:04:45 [scrapy_user_agents.user_agent_picker] WARNING: [UnsupportedDeviceType] Family: Other, Brand: None, Model: None
2025-09-17 23:04:46 [scrapy_user_agents.user_agent_picker] WARNING: [UnsupportedBrowserType] Family: Applebot
2025-09-17 23:04:46 [scrapy_user_agents.user_agent_picker] WARNING: [UnsupportedDeviceType] Family: Other, Brand: None, Model: None
2025-09-17 23:04:47 [scrapy_user_agents.user_agent_picker] WARNING: [UnsupportedBrowserType] Family: Applebot
2025-09-17 23:04:47 [scrapy_user_agents.user_agent_picker] WARNING: [UnsupportedBrowserType] Family: Other
2025-09-17 23:04:48 [scrapy_user_agents.user_agent_picker] WARNING: [UnsupportedBrowserType] Family: Other
2025-09-17 23:04:48 [scrapy_user_agents.user_agent_picker] WARNING: [UnsupportedBrowserType] Family: PhantomJS
2025-09-17 23:04:48 [scrapy_user_agents.user_agent_picker] WARNING: [UnsupportedBrowserType] Family: SMTBot
2025-09-17 23:04:49 [scrapy_user_agents.user_agent_picker] WARNING: [UnsupportedBrowserType] Family: PhantomJS
2025-09-17 23:04:49 [scrapy_user_agents.user_agent_picker] WARNING: [UnsupportedBrowserType] Family: PhantomJS
2025-09-17 23:04:49 [scrapy_user_agents.user_agent_picker] WARNING: [UnsupportedBrowserType] Family: WebKit Nightly
2025-09-17 23:04:49 [scrapy_user_agents.user_agent_picker] WARNING: [UnsupportedBrowserType] Family: PhantomJS
2025-09-17 23:04:49 [scrapy_user_agents.user_agent_picker] WARNING: [UnsupportedDeviceType] Family: Other, Brand: None, Model: None
2025-09-17 23:04:50 [scrapy_user_agents.user_agent_picker] WARNING: [UnsupportedBrowserType] Family: PhantomJS
2025-09-17 23:04:50 [scrapy_user_agents.user_agent_picker] WARNING: [UnsupportedBrowserType] Family: PhantomJS
2025-09-17 23:04:50 [scrapy_user_agents.user_agent_picker] WARNING: [UnsupportedBrowserType] Family: Robot
2025-09-17 23:04:51 [scrapy_user_agents.user_agent_picker] WARNING: [UnsupportedDeviceType] Family: Other, Brand: None, Model: None
2025-09-17 23:04:51 [scrapy_user_agents.user_agent_picker] WARNING: [UnsupportedBrowserType] Family: Zune
2025-09-17 23:04:52 [scrapy.middleware] INFO: Enabled downloader middlewares:
['scrapy.downloadermiddlewares.offsite.OffsiteMiddleware',
 'scrapy.downloadermiddlewares.httpauth.HttpAuthMiddleware',
 'scrapy.downloadermiddlewares.downloadtimeout.DownloadTimeoutMiddleware',
 'scrapy.downloadermiddlewares.defaultheaders.DefaultHeadersMiddleware',
 'scrapy_user_agents.middlewares.RandomUserAgentMiddleware',
 'scrapy.downloadermiddlewares.retry.RetryMiddleware',
 'scrapy.downloadermiddlewares.redirect.MetaRefreshMiddleware',
 'scrapy.downloadermiddlewares.httpcompression.HttpCompressionMiddleware',
 'scrapy.downloadermiddlewares.redirect.RedirectMiddleware',
 'scrapy.downloadermiddlewares.cookies.CookiesMiddleware',
 'scrapy.downloadermiddlewares.httpproxy.HttpProxyMiddleware',
 'scrapy.downloadermiddlewares.stats.DownloaderStats']
2025-09-17 23:04:52 [scrapy.middleware] INFO: Enabled spider middlewares:
['scrapy.spidermiddlewares.start.StartSpiderMiddleware',
 'scrapy.spidermiddlewares.httperror.HttpErrorMiddleware',
 'scrapy.spidermiddlewares.referer.RefererMiddleware',
 'scrapy.spidermiddlewares.urllength.UrlLengthMiddleware',
 'scrapy.spidermiddlewares.depth.DepthMiddleware']
2025-09-17 23:04:52 [scrapy.middleware] INFO: Enabled item pipelines:
[]
2025-09-17 23:04:52 [scrapy.core.engine] INFO: Spider opened
2025-09-17 23:04:52 [py.warnings] WARNING: D:\scrapyProjects\retail-intelligence-platform\venv\Lib\site-packages\scrapy\core\spidermw.py:433: ScrapyDeprecationWarning: retail_intelligence.spiders.snapshot_spider.SnapshotSpiderSpider defines the deprecated start_requests() method. start_requests() has been deprecated in favor of a new method, start(), to support asynchronous code execution. start_requests() will stop being called in a future version of Scrapy. If you use Scrapy 2.13 or higher only, replace start_requests() with start(); note that start() is a coroutine (async def). If you need to maintain compatibility with lower Scrapy versions, when overriding start_requests() in a spider class, override start() as well; you can use super() to reuse the inherited start() implementation without copy-pasting. See the release notes of Scrapy 2.13 for details: https://docs.scrapy.org/en/2.13/news.html
  warn(

2025-09-17 23:04:52 [scrapy.extensions.logstats] INFO: Crawled 0 pages (at 0 pages/min), scraped 0 items (at 0 items/min)
2025-09-17 23:04:52 [scrapy.extensions.telnet] INFO: Telnet console listening on 127.0.0.1:6023
2025-09-17 23:04:52 [scrapy-playwright] INFO: Starting download handler
2025-09-17 23:04:52 [scrapy-playwright] INFO: Starting download handler
2025-09-17 23:04:55 [snapshot_spider] INFO: [START] Preparing request for URL: https://www.amazon.com/s?k=mobile&page=1&xpid=aXiBqChDm5LpM&crid=15IL5AN68UBTK&qid=1758021249&sprefix=%2Caps%2C889&ref=sr_pg_1
2025-09-17 23:04:55 [snapshot_spider] INFO: [INFO] Proxy URL: http://proxy.scrapeops.io/v1/?api_key=bdb4bb5d-ecbe-455c-b285-e133b75a9de1&url=https%3A%2F%2Fwww.amazon.com%2Fs%3Fk%3Dmobile%26page%3D1%26xpid%3DaXiBqChDm5LpM%26crid%3D15IL5AN68UBTK%26qid%3D1758021249%26sprefix%3D%252Caps%252C889%26ref%3Dsr_pg_1
2025-09-17 23:04:55 [scrapy-playwright] INFO: Launching browser chromium
2025-09-17 23:04:55 [snapshot_spider] INFO: [SUCCESS] Request yielded for URL: https://www.amazon.com/s?k=mobile&page=1&xpid=aXiBqChDm5LpM&crid=15IL5AN68UBTK&qid=1758021249&sprefix=%2Caps%2C889&ref=sr_pg_1
2025-09-17 23:04:55 [snapshot_spider] INFO: [START] Preparing request for URL: https://www.walmart.com/search?q=mobile&page=1&affinityOverride=default
2025-09-17 23:04:55 [snapshot_spider] INFO: [INFO] Proxy URL: http://proxy.scrapeops.io/v1/?api_key=bdb4bb5d-ecbe-455c-b285-e133b75a9de1&url=https%3A%2F%2Fwww.walmart.com%2Fsearch%3Fq%3Dmobile%26page%3D1%26affinityOverride%3Ddefault
2025-09-17 23:04:55 [snapshot_spider] INFO: [SUCCESS] Request yielded for URL: https://www.walmart.com/search?q=mobile&page=1&affinityOverride=default
2025-09-17 23:04:56 [scrapy-playwright] INFO: Browser chromium launched
2025-09-17 23:05:19 [snapshot_spider] INFO: Amazon Website Detected for Product Scraping
2025-09-17 23:05:20 [snapshot_spider] INFO: NEXT PAGE HREF OF AMAZON IS HERE /s?k=mobile&page=2&crid=15IL5AN68UBTK&qid=1758132299&sprefix=%2Caps%2C889&xpid=aXiBqChDm5LpM&ref=sr_pg_1
2025-09-17 23:05:20 [snapshot_spider] INFO: [SUCCESS] Saved 48 products to html_pages\amazon\product_list_page_1.html
2025-09-17 23:05:20 [snapshot_spider] INFO: This is Proxy_url: http://proxy.scrapeops.io/v1/?api_key=bdb4bb5d-ecbe-455c-b285-e133b75a9de1&url=https%3A%2F%2Fwww.amazon.com%2Fs%3Fk%3Dmobile%26page%3D2%26crid%3D15IL5AN68UBTK%26qid%3D1758132299%26sprefix%3D%252Caps%252C889%26xpid%3DaXiBqChDm5LpM%26ref%3Dsr_pg_1
2025-09-17 23:05:52 [scrapy.extensions.logstats] INFO: Crawled 1 pages (at 1 pages/min), scraped 0 items (at 0 items/min)
2025-09-17 23:06:24 [snapshot_spider] INFO: Walmart Website Detected for Product Scraping
2025-09-17 23:06:25 [snapshot_spider] INFO: [SUCCESS] Saved 51 products to html_pages\walmart\product_list_page_1.html
2025-09-17 23:06:25 [snapshot_spider] INFO: This is Proxy_url: http://proxy.scrapeops.io/v1?api_key=bdb4bb5d-ecbe-455c-b285-e133b75a9de1&url=https%3A%2F%2Fwww.walmart.com%2Fsearch%3Fq%3Dmobile%26page%3D1%26affinityOverride%3Ddefault&page=2&affinityOverride=default
2025-09-17 23:06:38 [snapshot_spider] INFO: Amazon Website Detected for Product Scraping
2025-09-17 23:06:38 [snapshot_spider] INFO: NEXT PAGE HREF OF AMAZON IS HERE /s?k=mobile&page=3&crid=15IL5AN68UBTK&qid=1758132386&sprefix=%2Caps%2C889&xpid=aXiBqChDm5LpM&ref=sr_pg_2
2025-09-17 23:06:38 [snapshot_spider] INFO: [SUCCESS] Saved 48 products to html_pages\amazon\product_list_page_2.html
2025-09-17 23:06:38 [snapshot_spider] INFO: This is Proxy_url: http://proxy.scrapeops.io/v1/?api_key=bdb4bb5d-ecbe-455c-b285-e133b75a9de1&url=https%3A%2F%2Fwww.amazon.com%2Fs%3Fk%3Dmobile%26page%3D3%26crid%3D15IL5AN68UBTK%26qid%3D1758132386%26sprefix%3D%252Caps%252C889%26xpid%3DaXiBqChDm5LpM%26ref%3Dsr_pg_2
2025-09-17 23:06:52 [scrapy.extensions.logstats] INFO: Crawled 3 pages (at 2 pages/min), scraped 0 items (at 0 items/min)
2025-09-17 23:07:01 [snapshot_spider] INFO: Walmart Website Detected for Product Scraping
2025-09-17 23:07:01 [snapshot_spider] INFO: [SUCCESS] Saved 51 products to html_pages\walmart\product_list_page_2.html
2025-09-17 23:07:01 [snapshot_spider] INFO: This is Proxy_url: http://proxy.scrapeops.io/v1?api_key=bdb4bb5d-ecbe-455c-b285-e133b75a9de1&url=https%3A%2F%2Fwww.walmart.com%2Fsearch%3Fq%3Dmobile%26page%3D1%26affinityOverride%3Ddefault&page=2&affinityOverride=default
2025-09-17 23:07:16 [snapshot_spider] INFO: Amazon Website Detected for Product Scraping
2025-09-17 23:07:17 [snapshot_spider] INFO: NEXT PAGE HREF OF AMAZON IS HERE /s?k=mobile&page=4&crid=15IL5AN68UBTK&qid=1758132422&sprefix=%2Caps%2C889&xpid=aXiBqChDm5LpM&ref=sr_pg_3
2025-09-17 23:07:17 [snapshot_spider] INFO: [SUCCESS] Saved 48 products to html_pages\amazon\product_list_page_3.html
2025-09-17 23:07:17 [snapshot_spider] INFO: This is Proxy_url: http://proxy.scrapeops.io/v1/?api_key=bdb4bb5d-ecbe-455c-b285-e133b75a9de1&url=https%3A%2F%2Fwww.amazon.com%2Fs%3Fk%3Dmobile%26page%3D4%26crid%3D15IL5AN68UBTK%26qid%3D1758132422%26sprefix%3D%252Caps%252C889%26xpid%3DaXiBqChDm5LpM%26ref%3Dsr_pg_3
2025-09-17 23:07:38 [snapshot_spider] INFO: Walmart Website Detected for Product Scraping
2025-09-17 23:07:39 [snapshot_spider] INFO: [SUCCESS] Saved 51 products to html_pages\walmart\product_list_page_3.html
2025-09-17 23:07:39 [snapshot_spider] INFO: [PAGE 3] No NEXT_PAGE_HREF found or limit reached for walmart
2025-09-17 23:07:52 [scrapy.extensions.logstats] INFO: Crawled 6 pages (at 3 pages/min), scraped 0 items (at 0 items/min)
2025-09-17 23:07:52 [snapshot_spider] INFO: Amazon Website Detected for Product Scraping
2025-09-17 23:07:52 [snapshot_spider] INFO: NEXT PAGE HREF OF AMAZON IS HERE /s?k=mobile&page=5&crid=15IL5AN68UBTK&qid=1758132459&sprefix=%2Caps%2C889&xpid=aXiBqChDm5LpM&ref=sr_pg_4
2025-09-17 23:07:52 [snapshot_spider] INFO: [SUCCESS] Saved 48 products to html_pages\amazon\product_list_page_4.html
2025-09-17 23:07:52 [snapshot_spider] INFO: [PAGE 4] No NEXT_PAGE_HREF found or limit reached for amazon
2025-09-17 23:07:52 [scrapy.core.engine] INFO: Closing spider (finished)
2025-09-17 23:07:52 [snapshot_spider] INFO: Total Products from amazon: 192
2025-09-17 23:07:52 [snapshot_spider] INFO: Total Products from walmart: 153
2025-09-17 23:07:52 [snapshot_spider] INFO: Total Products from All Websites: 345
2025-09-17 23:07:52 [scrapy.statscollectors] INFO: Dumping Scrapy stats:
{'downloader/request_bytes': 4720,
 'downloader/request_count': 7,
 'downloader/request_method_count/GET': 7,
 'downloader/response_bytes': 10109580,
 'downloader/response_count': 7,
 'downloader/response_status_count/200': 7,
 'elapsed_time_seconds': 180.582634,
 'finish_reason': 'finished',
 'finish_time': datetime.datetime(2025, 9, 17, 18, 7, 52, 866739, tzinfo=datetime.timezone.utc),
 'items_per_minute': 0.0,
 'log_count/INFO': 52,
 'log_count/WARNING': 46,
 'playwright/browser_count': 1,
 'playwright/context_count': 1,
 'playwright/context_count/max_concurrent': 1,
 'playwright/context_count/persistent/False': 1,
 'playwright/context_count/remote/False': 1,
 'playwright/page_count': 7,
 'playwright/page_count/closed': 7,
 'playwright/page_count/max_concurrent': 1,
 'playwright/request_count': 1529,
 'playwright/request_count/method/GET': 1424,
 'playwright/request_count/method/HEAD': 10,
 'playwright/request_count/method/POST': 95,
 'playwright/request_count/navigation': 30,
 'playwright/request_count/resource_type/document': 30,
 'playwright/request_count/resource_type/fetch': 25,
 'playwright/request_count/resource_type/font': 46,
 'playwright/request_count/resource_type/image': 427,
 'playwright/request_count/resource_type/media': 19,
 'playwright/request_count/resource_type/other': 198,
 'playwright/request_count/resource_type/ping': 64,
 'playwright/request_count/resource_type/script': 646,
 'playwright/request_count/resource_type/stylesheet': 47,
 'playwright/request_count/resource_type/xhr': 27,
 'playwright/response_count': 1474,
 'playwright/response_count/method/GET': 1387,
 'playwright/response_count/method/HEAD': 6,
 'playwright/response_count/method/POST': 81,
 'playwright/response_count/resource_type/document': 29,
 'playwright/response_count/resource_type/fetch': 22,
 'playwright/response_count/resource_type/font': 46,
 'playwright/response_count/resource_type/image': 425,
 'playwright/response_count/resource_type/media': 17,
 'playwright/response_count/resource_type/other': 198,
 'playwright/response_count/resource_type/ping': 62,
 'playwright/response_count/resource_type/script': 614,
 'playwright/response_count/resource_type/stylesheet': 47,
 'playwright/response_count/resource_type/xhr': 14,
 'request_depth_max': 3,
 'response_received_count': 7,
 'responses_per_minute': 2.3333333333333335,
 'scheduler/dequeued': 7,
 'scheduler/dequeued/memory': 7,
 'scheduler/enqueued': 7,
 'scheduler/enqueued/memory': 7,
 'start_time': datetime.datetime(2025, 9, 17, 18, 4, 52, 284105, tzinfo=datetime.timezone.utc)}
2025-09-17 23:07:52 [scrapy.core.engine] INFO: Spider closed (finished)
2025-09-17 23:07:52 [scrapy-playwright] INFO: Closing download handler
2025-09-17 23:07:52 [scrapy-playwright] INFO: Closing browser
2025-09-17 23:07:53 [scrapy-playwright] INFO: Closing download handler
